# NOTE: Generated by 'portellam/VFIO-setup'
# START #
# List of modules that you want to include in your initramfs.
# They will be loaded at boot time in the order below.
#
# Syntax:  module_name [args ...]
#
# You must run update-initramfs(8) to effect this change.
#
# Examples:
#
# raid1
# sd_mod
#
# NOTE: GRUB command line is an easier and cleaner method if vfio-pci grabs all hardware.
# Example: Reboot hypervisor (Linux) to swap host graphics (Intel, AMD, NVIDIA) by use-case (AMD for Win XP, NVIDIA for Win 10).
# NOTE: If you change this file, run 'update-initramfs -u -k all' afterwards to update.
# NOTE: In terminal, execute "lspci -nnk" or review the logfiles.

# Soft dependencies and PCI kernel drivers:	(NOTE: repeat for each driver)
# EXAMPLE:
#	softdep 'DRIVER_NAME' pre: vfio-pci
#	'DRIVER_NAME'

softdep pcieport pre: vfio-pci
pcieport
softdep snd_hda_intel pre: vfio-pci
snd_hda_intel
softdep i915 pre: vfio-pci
i915
softdep mei_me pre: vfio-pci
mei_me
softdep e1000e pre: vfio-pci
e1000e
softdep ehci-pci pre: vfio-pci
ehci-pci
softdep snd_hda_intel pre: vfio-pci
snd_hda_intel
softdep pcieport pre: vfio-pci
pcieport
softdep pcieport pre: vfio-pci
pcieport
softdep pcieport pre: vfio-pci
pcieport
softdep pcieport pre: vfio-pci
pcieport
softdep ehci-pci pre: vfio-pci
ehci-pci
softdep lpc_ich pre: vfio-pci
lpc_ich
softdep ahci pre: vfio-pci
ahci
softdep i801_smbus pre: vfio-pci
i801_smbus
softdep ath9k pre: vfio-pci
ath9k
softdep sdhci-pci pre: vfio-pci
sdhci-pci
softdep firewire_ohci pre: vfio-pci
firewire_ohci
#

# NOTE: Do not change the following lines, unless you know what you are doing!
vfio
vfio_iommu_type1
vfio_virqfd
#

# GRUB command line and PCI hardware IDs:
options vfio_pci ids=8086:0101,10de:0e08
vfio_pci ids=8086:0101,10de:0e08
vfio_pci
#
# END #
