menuentry "Debian GNU/Linux, with Linux #$str_root_Kernel# (VFIO w/ Boot VGA: 'Cayman PRO [Radeon HD 6950]')"{
    load_video
    insmod gzio
    if [ x\$grub_platform = xxen ]; then insmod xzio; insmod lzopio; fi

    insmod part_gpt
    # set root fstype #
    #   insmod ext2
    insmod ext2

    # set root by UUID #
    # Run 'df /' and 'blkid'
    #    set root='/dev/disk/by-uuid/*'
    set root='/dev/disk/by-uuid/e6181209-5515-474a-9ee1-baa89c9d6b0d'

    if [ x$feature_platform_search_hint = xy ]; then
        search --no-floppy --fs-uuid --set=root e6181209-5515-474a-9ee1-baa89c9d6b0d
    fi
  
    echo    'Loading Linux #$str_root_Kernel# ...'
    linux   /boot/vmlinuz-#$str_root_Kernel# root=UUID=e6181209-5515-474a-9ee1-baa89c9d6b0d quiet splash video=efifb:off acpi=force apm=power_off iommu=1,pt amd_iommu=on intel_iommu=on rd.driver.pre=vfio-pci pcie_aspm=off kvm.ignore_msrs=1 default_hugepagesz=1G hugepagesz=1G hugepages=24 modprobe.blacklist=nvidia,xhci_hcd,xhci_hcd,snd_ctxfi,nvme vfio_pci.ids=10de:1b81,10de:10f0,1912:0015,1912:0014,1102:000b,15b7:501a
    echo    'Loading initial ramdisk ...'
    initrd  /boot/initrd.img-#$str_root_Kernel#
}
